[0.063s] Invoking command in '/home/aitthikit/Memekhos_ws/src/build/examples_rclcpp_minimal_action_client': CMAKE_PREFIX_PATH=${CMAKE_PREFIX_PATH}:/home/aitthikit/Memekhos_ws/install/launch_testing_examples:/home/aitthikit/Memekhos_ws/install/examples_rclpy_pointcloud_publisher:/home/aitthikit/Memekhos_ws/install/examples_rclpy_minimal_subscriber:/home/aitthikit/Memekhos_ws/install/examples_rclpy_minimal_service:/home/aitthikit/Memekhos_ws/install/examples_rclpy_minimal_publisher:/home/aitthikit/Memekhos_ws/install/examples_rclpy_minimal_client:/home/aitthikit/Memekhos_ws/install/examples_rclpy_minimal_action_server:/home/aitthikit/Memekhos_ws/install/examples_rclpy_minimal_action_client:/home/aitthikit/Memekhos_ws/install/examples_rclpy_guard_conditions:/home/aitthikit/Memekhos_ws/install/examples_rclpy_executors:/opt/ros/humble /usr/bin/cmake /home/aitthikit/Memekhos_ws/src/examples/rclcpp/actions/minimal_action_client -DCMAKE_INSTALL_PREFIX=/home/aitthikit/Memekhos_ws/src/install/examples_rclcpp_minimal_action_client
[0.148s] -- The C compiler identification is GNU 11.4.0
[0.241s] -- The CXX compiler identification is GNU 11.4.0
[0.255s] -- Detecting C compiler ABI info
[0.377s] -- Detecting C compiler ABI info - done
[0.393s] -- Check for working C compiler: /usr/bin/cc - skipped
[0.393s] -- Detecting C compile features
[0.393s] -- Detecting C compile features - done
[0.399s] -- Detecting CXX compiler ABI info
[0.547s] -- Detecting CXX compiler ABI info - done
[0.566s] -- Check for working CXX compiler: /usr/bin/c++ - skipped
[0.566s] -- Detecting CXX compile features
[0.567s] -- Detecting CXX compile features - done
[0.577s] -- Found ament_cmake: 1.3.9 (/opt/ros/humble/share/ament_cmake/cmake)
[0.882s] -- Found Python3: /usr/bin/python3 (found version "3.10.12") found components: Interpreter 
[1.147s] -- Found example_interfaces: 0.9.3 (/opt/ros/humble/share/example_interfaces/cmake)
[1.265s] -- Found rosidl_generator_c: 3.1.5 (/opt/ros/humble/share/rosidl_generator_c/cmake)
[1.283s] -- Found rosidl_adapter: 3.1.5 (/opt/ros/humble/share/rosidl_adapter/cmake)
[1.307s] -- Found rosidl_generator_cpp: 3.1.5 (/opt/ros/humble/share/rosidl_generator_cpp/cmake)
[1.345s] -- Using all available rosidl_typesupport_c: rosidl_typesupport_fastrtps_c;rosidl_typesupport_introspection_c
[1.396s] -- Using all available rosidl_typesupport_cpp: rosidl_typesupport_fastrtps_cpp;rosidl_typesupport_introspection_cpp
[1.755s] -- Found rclcpp: 16.0.9 (/opt/ros/humble/share/rclcpp/cmake)
[1.914s] -- Found rmw_implementation_cmake: 6.1.2 (/opt/ros/humble/share/rmw_implementation_cmake/cmake)
[1.926s] -- Found rmw_fastrtps_cpp: 6.2.6 (/opt/ros/humble/share/rmw_fastrtps_cpp/cmake)
[2.131s] -- Found OpenSSL: /usr/lib/x86_64-linux-gnu/libcrypto.so (found version "3.0.2")  
[2.186s] -- Found FastRTPS: /opt/ros/humble/include  
[2.280s] -- Using RMW implementation 'rmw_fastrtps_cpp' as default
[2.311s] -- Looking for pthread.h
[2.436s] -- Looking for pthread.h - found
[2.436s] -- Performing Test CMAKE_HAVE_LIBC_PTHREAD
[2.597s] -- Performing Test CMAKE_HAVE_LIBC_PTHREAD - Success
[2.598s] -- Found Threads: TRUE  
[2.946s] -- Found rclcpp_action: 16.0.9 (/opt/ros/humble/share/rclcpp_action/cmake)
[3.055s] -- Found ament_lint_auto: 0.12.11 (/opt/ros/humble/share/ament_lint_auto/cmake)
[3.418s] -- Added test 'copyright' to check source files copyright and LICENSE
[3.431s] -- Added test 'cppcheck' to perform static code analysis on C / C++ code
[3.431s] -- Configured cppcheck include dirs: 
[3.431s] -- Configured cppcheck exclude dirs and/or files: 
[3.431s] -- Added test 'cpplint' to check C / C++ code against the Google style
[3.431s] -- Configured cpplint exclude dirs and/or files: 
[3.431s] -- Added test 'lint_cmake' to check CMake code style
[3.436s] -- Added test 'uncrustify' to check C / C++ code style
[3.437s] -- Configured uncrustify additional arguments: 
[3.438s] -- Added test 'xmllint' to check XML markup files
[3.452s] -- Configuring done
[3.544s] -- Generating done
[3.548s] -- Build files have been written to: /home/aitthikit/Memekhos_ws/src/build/examples_rclcpp_minimal_action_client
[3.585s] Invoked command in '/home/aitthikit/Memekhos_ws/src/build/examples_rclcpp_minimal_action_client' returned '0': CMAKE_PREFIX_PATH=${CMAKE_PREFIX_PATH}:/home/aitthikit/Memekhos_ws/install/launch_testing_examples:/home/aitthikit/Memekhos_ws/install/examples_rclpy_pointcloud_publisher:/home/aitthikit/Memekhos_ws/install/examples_rclpy_minimal_subscriber:/home/aitthikit/Memekhos_ws/install/examples_rclpy_minimal_service:/home/aitthikit/Memekhos_ws/install/examples_rclpy_minimal_publisher:/home/aitthikit/Memekhos_ws/install/examples_rclpy_minimal_client:/home/aitthikit/Memekhos_ws/install/examples_rclpy_minimal_action_server:/home/aitthikit/Memekhos_ws/install/examples_rclpy_minimal_action_client:/home/aitthikit/Memekhos_ws/install/examples_rclpy_guard_conditions:/home/aitthikit/Memekhos_ws/install/examples_rclpy_executors:/opt/ros/humble /usr/bin/cmake /home/aitthikit/Memekhos_ws/src/examples/rclcpp/actions/minimal_action_client -DCMAKE_INSTALL_PREFIX=/home/aitthikit/Memekhos_ws/src/install/examples_rclcpp_minimal_action_client
[3.586s] Invoking command in '/home/aitthikit/Memekhos_ws/src/build/examples_rclcpp_minimal_action_client': CMAKE_PREFIX_PATH=${CMAKE_PREFIX_PATH}:/home/aitthikit/Memekhos_ws/install/launch_testing_examples:/home/aitthikit/Memekhos_ws/install/examples_rclpy_pointcloud_publisher:/home/aitthikit/Memekhos_ws/install/examples_rclpy_minimal_subscriber:/home/aitthikit/Memekhos_ws/install/examples_rclpy_minimal_service:/home/aitthikit/Memekhos_ws/install/examples_rclpy_minimal_publisher:/home/aitthikit/Memekhos_ws/install/examples_rclpy_minimal_client:/home/aitthikit/Memekhos_ws/install/examples_rclpy_minimal_action_server:/home/aitthikit/Memekhos_ws/install/examples_rclpy_minimal_action_client:/home/aitthikit/Memekhos_ws/install/examples_rclpy_guard_conditions:/home/aitthikit/Memekhos_ws/install/examples_rclpy_executors:/opt/ros/humble /usr/bin/cmake --build /home/aitthikit/Memekhos_ws/src/build/examples_rclcpp_minimal_action_client -- -j12 -l12
[9.865s] [ 12%] [32mBuilding CXX object CMakeFiles/action_client_member_functions.dir/member_functions.cpp.o[0m
[9.865s] [ 25%] [32mBuilding CXX object CMakeFiles/action_client_not_composable.dir/not_composable.cpp.o[0m
[9.865s] [ 37%] [32mBuilding CXX object CMakeFiles/action_client_not_composable_with_feedback.dir/not_composable_with_feedback.cpp.o[0m
[9.865s] [ 50%] [32mBuilding CXX object CMakeFiles/action_client_not_composable_with_cancel.dir/not_composable_with_cancel.cpp.o[0m
[9.865s] gmake[2]: *** wait: No child processes.  Stop.
[9.865s] gmake[2]: *** Waiting for unfinished jobs....
[9.865s] gmake[2]: *** wait: No child processes.  Stop.
[9.866s] gmake[2]: *** wait: No child processes.  Stop.
[9.866s] gmake[2]: *** Waiting for unfinished jobs....
[9.866s] gmake[2]: *** wait: No child processes.  Stop.
[9.866s] gmake[2]: *** [CMakeFiles/action_client_not_composable_with_cancel.dir/build.make:76: CMakeFiles/action_client_not_composable_with_cancel.dir/not_composable_with_cancel.cpp.o] Interrupt
[9.866s] gmake[1]: *** [CMakeFiles/Makefile2:169: CMakeFiles/action_client_not_composable.dir/all] Error 2
[9.866s] gmake[1]: *** [CMakeFiles/Makefile2:195: CMakeFiles/action_client_not_composable_with_cancel.dir/all] Interrupt
[9.866s] gmake[2]: *** wait: No child processes.  Stop.
[9.866s] gmake[2]: *** Waiting for unfinished jobs....
[9.867s] gmake[2]: *** wait: No child processes.  Stop.
[9.867s] gmake[1]: *** [CMakeFiles/Makefile2:221: CMakeFiles/action_client_not_composable_with_feedback.dir/all] Error 2
[9.867s] gmake[1]: *** wait: No child processes.  Stop.
[9.867s] gmake[1]: *** Waiting for unfinished jobs....
[9.867s] gmake[1]: *** wait: No child processes.  Stop.
[9.867s] gmake: *** [Makefile:146: all] Error 2
[9.898s] Invoked command in '/home/aitthikit/Memekhos_ws/src/build/examples_rclcpp_minimal_action_client' returned '-2': CMAKE_PREFIX_PATH=${CMAKE_PREFIX_PATH}:/home/aitthikit/Memekhos_ws/install/launch_testing_examples:/home/aitthikit/Memekhos_ws/install/examples_rclpy_pointcloud_publisher:/home/aitthikit/Memekhos_ws/install/examples_rclpy_minimal_subscriber:/home/aitthikit/Memekhos_ws/install/examples_rclpy_minimal_service:/home/aitthikit/Memekhos_ws/install/examples_rclpy_minimal_publisher:/home/aitthikit/Memekhos_ws/install/examples_rclpy_minimal_client:/home/aitthikit/Memekhos_ws/install/examples_rclpy_minimal_action_server:/home/aitthikit/Memekhos_ws/install/examples_rclpy_minimal_action_client:/home/aitthikit/Memekhos_ws/install/examples_rclpy_guard_conditions:/home/aitthikit/Memekhos_ws/install/examples_rclpy_executors:/opt/ros/humble /usr/bin/cmake --build /home/aitthikit/Memekhos_ws/src/build/examples_rclcpp_minimal_action_client -- -j12 -l12
