-- The C compiler identification is GNU 11.4.0
-- The CXX compiler identification is GNU 11.4.0
-- Detecting C compiler ABI info
-- Detecting C compiler ABI info - done
-- Check for working C compiler: /usr/bin/cc - skipped
-- Detecting C compile features
-- Detecting C compile features - done
-- Detecting CXX compiler ABI info
-- Detecting CXX compiler ABI info - done
-- Check for working CXX compiler: /usr/bin/c++ - skipped
-- Detecting CXX compile features
-- Detecting CXX compile features - done
-- Found ament_cmake: 1.3.9 (/opt/ros/humble/share/ament_cmake/cmake)
-- Found Python3: /usr/bin/python3 (found version "3.10.12") found components: Interpreter 
-- Found geometry_msgs: 4.2.4 (/opt/ros/humble/share/geometry_msgs/cmake)
-- Found rosidl_generator_c: 3.1.5 (/opt/ros/humble/share/rosidl_generator_c/cmake)
-- Found rosidl_adapter: 3.1.5 (/opt/ros/humble/share/rosidl_adapter/cmake)
-- Found rosidl_generator_cpp: 3.1.5 (/opt/ros/humble/share/rosidl_generator_cpp/cmake)
-- Using all available rosidl_typesupport_c: rosidl_typesupport_fastrtps_c;rosidl_typesupport_introspection_c
-- Using all available rosidl_typesupport_cpp: rosidl_typesupport_fastrtps_cpp;rosidl_typesupport_introspection_cpp
-- Found rosidl_default_generators: 1.2.0 (/opt/ros/humble/share/rosidl_default_generators/cmake)
-- Found ament_lint_auto: 0.12.11 (/opt/ros/humble/share/ament_lint_auto/cmake)
-- Found ament_cmake_ros: 0.10.0 (/opt/ros/humble/share/ament_cmake_ros/cmake)
-- Using all available rosidl_typesupport_c: rosidl_typesupport_fastrtps_c;rosidl_typesupport_introspection_c
-- Using all available rosidl_typesupport_cpp: rosidl_typesupport_fastrtps_cpp;rosidl_typesupport_introspection_cpp
-- Found PythonInterp: /usr/bin/python3 (found suitable version "3.10.12", minimum required is "3.6") 
-- Found python_cmake_module: 0.10.0 (/opt/ros/humble/share/python_cmake_module/cmake)
-- Found PythonLibs: /usr/lib/x86_64-linux-gnu/libpython3.10.so (found suitable version "3.10.12", minimum required is "3.5") 
-- Using PYTHON_EXECUTABLE: /usr/bin/python3
-- Using PYTHON_INCLUDE_DIRS: /usr/include/python3.10
-- Using PYTHON_LIBRARIES: /usr/lib/x86_64-linux-gnu/libpython3.10.so
-- Found PythonExtra: .so  
-- Added test 'lint_cmake' to check CMake code style
-- Added test 'xmllint' to check XML markup files
-- Configuring done
-- Generating done
-- Build files have been written to: /home/aitthikit/Memekhos_ws/src/build/controller_interface
[  2%] [34m[1mGenerating C++ code for ROS interfaces[0m
[  5%] [34m[1mGenerating C code for ROS interfaces[0m
[  5%] Built target ament_cmake_python_copy_controller_interface
[  5%] Built target controller_interface__cpp
[  7%] [34m[1mGenerating C++ type support for eProsima Fast-RTPS[0m
[ 10%] [34m[1mGenerating C++ introspection for ROS interfaces[0m
[ 12%] [34m[1mGenerating C++ type support dispatch for ROS interfaces[0m
[ 15%] [32mBuilding CXX object CMakeFiles/controller_interface__rosidl_typesupport_fastrtps_cpp.dir/rosidl_typesupport_fastrtps_cpp/controller_interface/srv/detail/dds_fastrtps/set_target__type_support.cpp.o[0m
[ 17%] [32mBuilding CXX object CMakeFiles/controller_interface__rosidl_typesupport_fastrtps_cpp.dir/rosidl_typesupport_fastrtps_cpp/controller_interface/srv/detail/dds_fastrtps/set_param__type_support.cpp.o[0m
[ 20%] [32mBuilding C object CMakeFiles/controller_interface__rosidl_generator_c.dir/rosidl_generator_c/controller_interface/srv/detail/set_target__functions.c.o[0m
[ 23%] [32mBuilding C object CMakeFiles/controller_interface__rosidl_generator_c.dir/rosidl_generator_c/controller_interface/srv/detail/set_param__functions.c.o[0m
[ 25%] [32mBuilding CXX object CMakeFiles/controller_interface__rosidl_typesupport_introspection_cpp.dir/rosidl_typesupport_introspection_cpp/controller_interface/srv/detail/set_target__type_support.cpp.o[0m
[ 28%] [32mBuilding CXX object CMakeFiles/controller_interface__rosidl_typesupport_introspection_cpp.dir/rosidl_typesupport_introspection_cpp/controller_interface/srv/detail/set_param__type_support.cpp.o[0m
[ 30%] [32m[1mLinking C shared library libcontroller_interface__rosidl_generator_c.so[0m
[ 30%] Built target controller_interface__rosidl_generator_c
[ 33%] [34m[1mGenerating C type support dispatch for ROS interfaces[0m
[ 35%] [34m[1mGenerating C introspection for ROS interfaces[0m
[ 38%] [34m[1mGenerating C type support for eProsima Fast-RTPS[0m
running egg_info
creating controller_interface.egg-info
writing controller_interface.egg-info/PKG-INFO
writing dependency_links to controller_interface.egg-info/dependency_links.txt
writing top-level names to controller_interface.egg-info/top_level.txt
writing manifest file 'controller_interface.egg-info/SOURCES.txt'
reading manifest file 'controller_interface.egg-info/SOURCES.txt'
writing manifest file 'controller_interface.egg-info/SOURCES.txt'
[ 41%] [32mBuilding CXX object CMakeFiles/controller_interface__rosidl_typesupport_c.dir/rosidl_typesupport_c/controller_interface/srv/set_target__type_support.cpp.o[0m
[ 43%] [32mBuilding CXX object CMakeFiles/controller_interface__rosidl_typesupport_c.dir/rosidl_typesupport_c/controller_interface/srv/set_param__type_support.cpp.o[0m
[ 46%] [32m[1mLinking CXX shared library libcontroller_interface__rosidl_typesupport_c.so[0m
[ 46%] Built target ament_cmake_python_build_controller_interface_egg
[ 48%] [32m[1mLinking CXX shared library libcontroller_interface__rosidl_typesupport_introspection_cpp.so[0m
[ 48%] Built target controller_interface__rosidl_typesupport_c
[ 48%] Built target controller_interface__rosidl_typesupport_introspection_cpp
gmake[2]: *** Deleting file 'rosidl_typesupport_cpp/controller_interface/srv/set_target__type_support.cpp'
gmake[2]: *** wait: No child processes.  Stop.
gmake[2]: *** Deleting file 'rosidl_typesupport_fastrtps_c/controller_interface/srv/detail/set_target__rosidl_typesupport_fastrtps_c.h'
gmake[2]: *** Waiting for unfinished jobs....
gmake[2]: *** wait: No child processes.  Stop.
gmake[1]: *** [CMakeFiles/Makefile2:291: CMakeFiles/controller_interface__rosidl_typesupport_fastrtps_cpp.dir/all] Error 2
gmake[1]: *** [CMakeFiles/Makefile2:394: CMakeFiles/controller_interface__rosidl_typesupport_cpp.dir/all] Interrupt
Traceback (most recent call last):
  File "/usr/lib/python3/dist-packages/lark/visitors.py", line 107, in _call_userfunc
    f = getattr(self, tree.data)
AttributeError: 'ValidateSymbols' object has no attribute 'expansion'

During handling of the above exception, another exception occurred:

Traceback (most recent call last):
  File "/opt/ros/humble/lib/rosidl_typesupport_introspection_c/rosidl_typesupport_introspection_c", line 31, in <module>
    sys.exit(main())
  File "/opt/ros/humble/lib/rosidl_typesupport_introspection_c/rosidl_typesupport_introspection_c", line 27, in main
    generate_c(args.generator_arguments_file)
  File "/opt/ros/humble/local/lib/python3.10/dist-packages/rosidl_typesupport_introspection_c/__init__.py", line 31, in generate_c
    return generate_files(generator_arguments_file, mapping)
  File "/opt/ros/humble/local/lib/python3.10/dist-packages/rosidl_cmake/__init__.py", line 74, in generate_files
    idl_file = parse_idl_file(locator)
  File "/opt/ros/humble/local/lib/python3.10/dist-packages/rosidl_parser/parser.py", line 64, in parse_idl_file
    content = parse_idl_string(string, png_file=png_file)
  File "/opt/ros/humble/local/lib/python3.10/dist-packages/rosidl_parser/parser.py", line 72, in parse_idl_string
    tree = get_ast_from_idl_string(idl_string)
  File "/opt/ros/humble/local/lib/python3.10/dist-packages/rosidl_parser/parser.py", line 88, in get_ast_from_idl_string
    _parser = Lark(grammar, start='specification', maybe_placeholders=False)
  File "/usr/lib/python3/dist-packages/lark/lark.py", line 383, in __init__
    self.terminals, self.rules, self.ignore_tokens = self.grammar.compile(self.options.start, terminals_to_keep)
  File "/usr/lib/python3/dist-packages/lark/load_grammar.py", line 734, in compile
    tree = transformer.transform(rule_tree)
  File "/usr/lib/python3/dist-packages/lark/visitors.py", line 252, in transform
    tree = t.transform(tree)
  File "/usr/lib/python3/dist-packages/lark/visitors.py", line 272, in transform
    subtree.children = list(self._transform_children(subtree.children))
  File "/usr/lib/python3/dist-packages/lark/visitors.py", line 138, in _transform_children
    res = self._transform_tree(c)
  File "/usr/lib/python3/dist-packages/lark/visitors.py", line 268, in _transform_tree
    return self._call_userfunc(tree)
  File "/usr/lib/python3/dist-packages/lark/visitors.py", line 109, in _call_userfunc
    return self.__default__(tree.data, children, tree.meta)
  File "/usr/lib/python3/dist-packages/lark/visitors.py", line 168, in __default__
    return Tree(data, children, meta)
  File "/usr/lib/python3/dist-packages/lark/tree.py", line 52, in __init__
    def __init__(self, data: str, children: 'List[Branch[_Leaf_T]]', meta: Optional[Meta]=None) -> None:
KeyboardInterrupt
Traceback (most recent call last):
  File "/opt/ros/humble/lib/rosidl_typesupport_fastrtps_c/rosidl_typesupport_fastrtps_c", line 33, in <module>
    sys.exit(main())
  File "/opt/ros/humble/lib/rosidl_typesupport_fastrtps_c/rosidl_typesupport_fastrtps_c", line 29, in main
    generate_typesupport_fastrtps_c(args.generator_arguments_file)
  File "/opt/ros/humble/local/lib/python3.10/dist-packages/rosidl_typesupport_fastrtps_c/__init__.py", line 24, in generate_typesupport_fastrtps_c
    return generate_files(generator_arguments_file, mapping)
  File "/opt/ros/humble/local/lib/python3.10/dist-packages/rosidl_cmake/__init__.py", line 87, in generate_files
    expand_template(
  File "/opt/ros/humble/local/lib/python3.10/dist-packages/rosidl_cmake/__init__.py", line 149, in expand_template
    interpreter.string(template_content, template_path, locals=data)
  File "/usr/lib/python3/dist-packages/em.py", line 2391, in string
    self.safe(scanner, True, locals)
  File "/usr/lib/python3/dist-packages/em.py", line 2401, in safe
    self.parse(scanner, locals)
  File "/usr/lib/python3/dist-packages/em.py", line 2421, in parse
    token.run(self, locals)
  File "/usr/lib/python3/dist-packages/em.py", line 1543, in run
    sequence = interpreter.evaluate(sequenceCode, locals)
  File "/usr/lib/python3/dist-packages/em.py", line 2573, in evaluate
    result = eval(expression, self.globals, locals)
  File "<string>", line 1, in <module>
KeyboardInterrupt
Exception ignored in: <function Interpreter.__del__ at 0x79ffc40ba8c0>
Traceback (most recent call last):
  File "/usr/lib/python3/dist-packages/em.py", line 2094, in __del__
  File "/usr/lib/python3/dist-packages/em.py", line 2157, in shutdown
  File "/usr/lib/python3/dist-packages/em.py", line 2647, in finalize
  File "/usr/lib/python3/dist-packages/em.py", line 2200, in push
AttributeError: '_io.TextIOWrapper' object has no attribute 'push'
gmake[2]: *** [CMakeFiles/controller_interface__rosidl_typesupport_introspection_c.dir/build.make:143: rosidl_typesupport_introspection_c/controller_interface/srv/detail/set_target__rosidl_typesupport_introspection_c.h] Interrupt
gmake[1]: *** [CMakeFiles/Makefile2:316: CMakeFiles/controller_interface__rosidl_typesupport_introspection_c.dir/all] Interrupt
gmake[2]: *** [CMakeFiles/controller_interface__rosidl_typesupport_fastrtps_c.dir/build.make:143: rosidl_typesupport_fastrtps_c/controller_interface/srv/detail/set_target__rosidl_typesupport_fastrtps_c.h] Interrupt
gmake[1]: *** [CMakeFiles/Makefile2:238: CMakeFiles/controller_interface__rosidl_typesupport_fastrtps_c.dir/all] Interrupt
gmake: *** [Makefile:146: all] Interrupt
