[0.072s] Invoking command in '/home/aitthikit/Memekhos_ws/src/build/controller_interface': CMAKE_PREFIX_PATH=${CMAKE_PREFIX_PATH}:/home/aitthikit/Memekhos_ws/install/launch_testing_examples:/home/aitthikit/Memekhos_ws/install/examples_rclpy_pointcloud_publisher:/home/aitthikit/Memekhos_ws/install/examples_rclpy_minimal_subscriber:/home/aitthikit/Memekhos_ws/install/examples_rclpy_minimal_service:/home/aitthikit/Memekhos_ws/install/examples_rclpy_minimal_publisher:/home/aitthikit/Memekhos_ws/install/examples_rclpy_minimal_client:/home/aitthikit/Memekhos_ws/install/examples_rclpy_minimal_action_server:/home/aitthikit/Memekhos_ws/install/examples_rclpy_minimal_action_client:/home/aitthikit/Memekhos_ws/install/examples_rclpy_guard_conditions:/home/aitthikit/Memekhos_ws/install/examples_rclpy_executors:/opt/ros/humble /usr/bin/cmake /home/aitthikit/Memekhos_ws/src/controller_interface -DCMAKE_INSTALL_PREFIX=/home/aitthikit/Memekhos_ws/src/install/controller_interface
[0.167s] -- The C compiler identification is GNU 11.4.0
[0.277s] -- The CXX compiler identification is GNU 11.4.0
[0.289s] -- Detecting C compiler ABI info
[0.407s] -- Detecting C compiler ABI info - done
[0.422s] -- Check for working C compiler: /usr/bin/cc - skipped
[0.422s] -- Detecting C compile features
[0.423s] -- Detecting C compile features - done
[0.430s] -- Detecting CXX compiler ABI info
[0.593s] -- Detecting CXX compiler ABI info - done
[0.608s] -- Check for working CXX compiler: /usr/bin/c++ - skipped
[0.608s] -- Detecting CXX compile features
[0.609s] -- Detecting CXX compile features - done
[0.619s] -- Found ament_cmake: 1.3.9 (/opt/ros/humble/share/ament_cmake/cmake)
[0.921s] -- Found Python3: /usr/bin/python3 (found version "3.10.12") found components: Interpreter 
[1.160s] -- Found geometry_msgs: 4.2.4 (/opt/ros/humble/share/geometry_msgs/cmake)
[1.255s] -- Found rosidl_generator_c: 3.1.5 (/opt/ros/humble/share/rosidl_generator_c/cmake)
[1.273s] -- Found rosidl_adapter: 3.1.5 (/opt/ros/humble/share/rosidl_adapter/cmake)
[1.297s] -- Found rosidl_generator_cpp: 3.1.5 (/opt/ros/humble/share/rosidl_generator_cpp/cmake)
[1.336s] -- Using all available rosidl_typesupport_c: rosidl_typesupport_fastrtps_c;rosidl_typesupport_introspection_c
[1.388s] -- Using all available rosidl_typesupport_cpp: rosidl_typesupport_fastrtps_cpp;rosidl_typesupport_introspection_cpp
[1.623s] -- Found rosidl_default_generators: 1.2.0 (/opt/ros/humble/share/rosidl_default_generators/cmake)
[1.651s] -- Found ament_lint_auto: 0.12.11 (/opt/ros/humble/share/ament_lint_auto/cmake)
[2.282s] -- Found ament_cmake_ros: 0.10.0 (/opt/ros/humble/share/ament_cmake_ros/cmake)
[3.060s] -- Using all available rosidl_typesupport_c: rosidl_typesupport_fastrtps_c;rosidl_typesupport_introspection_c
[3.572s] -- Using all available rosidl_typesupport_cpp: rosidl_typesupport_fastrtps_cpp;rosidl_typesupport_introspection_cpp
[3.709s] -- Found PythonInterp: /usr/bin/python3 (found suitable version "3.10.12", minimum required is "3.6") 
[3.716s] -- Found python_cmake_module: 0.10.0 (/opt/ros/humble/share/python_cmake_module/cmake)
[3.906s] -- Found PythonLibs: /usr/lib/x86_64-linux-gnu/libpython3.10.so (found suitable version "3.10.12", minimum required is "3.5") 
[3.906s] -- Using PYTHON_EXECUTABLE: /usr/bin/python3
[3.906s] -- Using PYTHON_INCLUDE_DIRS: /usr/include/python3.10
[3.907s] -- Using PYTHON_LIBRARIES: /usr/lib/x86_64-linux-gnu/libpython3.10.so
[4.149s] -- Found PythonExtra: .so  
[4.497s] -- Added test 'lint_cmake' to check CMake code style
[4.500s] -- Added test 'xmllint' to check XML markup files
[4.545s] -- Configuring done
[4.783s] -- Generating done
[4.787s] -- Build files have been written to: /home/aitthikit/Memekhos_ws/src/build/controller_interface
[4.804s] Invoked command in '/home/aitthikit/Memekhos_ws/src/build/controller_interface' returned '0': CMAKE_PREFIX_PATH=${CMAKE_PREFIX_PATH}:/home/aitthikit/Memekhos_ws/install/launch_testing_examples:/home/aitthikit/Memekhos_ws/install/examples_rclpy_pointcloud_publisher:/home/aitthikit/Memekhos_ws/install/examples_rclpy_minimal_subscriber:/home/aitthikit/Memekhos_ws/install/examples_rclpy_minimal_service:/home/aitthikit/Memekhos_ws/install/examples_rclpy_minimal_publisher:/home/aitthikit/Memekhos_ws/install/examples_rclpy_minimal_client:/home/aitthikit/Memekhos_ws/install/examples_rclpy_minimal_action_server:/home/aitthikit/Memekhos_ws/install/examples_rclpy_minimal_action_client:/home/aitthikit/Memekhos_ws/install/examples_rclpy_guard_conditions:/home/aitthikit/Memekhos_ws/install/examples_rclpy_executors:/opt/ros/humble /usr/bin/cmake /home/aitthikit/Memekhos_ws/src/controller_interface -DCMAKE_INSTALL_PREFIX=/home/aitthikit/Memekhos_ws/src/install/controller_interface
[4.804s] Invoking command in '/home/aitthikit/Memekhos_ws/src/build/controller_interface': CMAKE_PREFIX_PATH=${CMAKE_PREFIX_PATH}:/home/aitthikit/Memekhos_ws/install/launch_testing_examples:/home/aitthikit/Memekhos_ws/install/examples_rclpy_pointcloud_publisher:/home/aitthikit/Memekhos_ws/install/examples_rclpy_minimal_subscriber:/home/aitthikit/Memekhos_ws/install/examples_rclpy_minimal_service:/home/aitthikit/Memekhos_ws/install/examples_rclpy_minimal_publisher:/home/aitthikit/Memekhos_ws/install/examples_rclpy_minimal_client:/home/aitthikit/Memekhos_ws/install/examples_rclpy_minimal_action_server:/home/aitthikit/Memekhos_ws/install/examples_rclpy_minimal_action_client:/home/aitthikit/Memekhos_ws/install/examples_rclpy_guard_conditions:/home/aitthikit/Memekhos_ws/install/examples_rclpy_executors:/opt/ros/humble /usr/bin/cmake --build /home/aitthikit/Memekhos_ws/src/build/controller_interface -- -j12 -l12
[9.886s] [  2%] [34m[1mGenerating C++ code for ROS interfaces[0m
[9.886s] [  5%] [34m[1mGenerating C code for ROS interfaces[0m
[9.886s] [  5%] Built target ament_cmake_python_copy_controller_interface
[9.886s] [  5%] Built target controller_interface__cpp
[9.886s] [  7%] [34m[1mGenerating C++ type support for eProsima Fast-RTPS[0m
[9.886s] [ 10%] [34m[1mGenerating C++ introspection for ROS interfaces[0m
[9.887s] [ 12%] [34m[1mGenerating C++ type support dispatch for ROS interfaces[0m
[9.887s] [ 15%] [32mBuilding CXX object CMakeFiles/controller_interface__rosidl_typesupport_fastrtps_cpp.dir/rosidl_typesupport_fastrtps_cpp/controller_interface/srv/detail/dds_fastrtps/set_target__type_support.cpp.o[0m
[9.887s] [ 17%] [32mBuilding CXX object CMakeFiles/controller_interface__rosidl_typesupport_fastrtps_cpp.dir/rosidl_typesupport_fastrtps_cpp/controller_interface/srv/detail/dds_fastrtps/set_param__type_support.cpp.o[0m
[9.887s] [ 20%] [32mBuilding C object CMakeFiles/controller_interface__rosidl_generator_c.dir/rosidl_generator_c/controller_interface/srv/detail/set_target__functions.c.o[0m
[9.887s] [ 23%] [32mBuilding C object CMakeFiles/controller_interface__rosidl_generator_c.dir/rosidl_generator_c/controller_interface/srv/detail/set_param__functions.c.o[0m
[9.887s] [ 25%] [32mBuilding CXX object CMakeFiles/controller_interface__rosidl_typesupport_introspection_cpp.dir/rosidl_typesupport_introspection_cpp/controller_interface/srv/detail/set_target__type_support.cpp.o[0m
[9.887s] [ 28%] [32mBuilding CXX object CMakeFiles/controller_interface__rosidl_typesupport_introspection_cpp.dir/rosidl_typesupport_introspection_cpp/controller_interface/srv/detail/set_param__type_support.cpp.o[0m
[9.887s] [ 30%] [32m[1mLinking C shared library libcontroller_interface__rosidl_generator_c.so[0m
[9.887s] [ 30%] Built target controller_interface__rosidl_generator_c
[9.888s] [ 33%] [34m[1mGenerating C type support dispatch for ROS interfaces[0m
[9.888s] [ 35%] [34m[1mGenerating C introspection for ROS interfaces[0m
[9.888s] [ 38%] [34m[1mGenerating C type support for eProsima Fast-RTPS[0m
[9.888s] running egg_info
[9.888s] creating controller_interface.egg-info
[9.888s] writing controller_interface.egg-info/PKG-INFO
[9.888s] writing dependency_links to controller_interface.egg-info/dependency_links.txt
[9.889s] writing top-level names to controller_interface.egg-info/top_level.txt
[9.889s] writing manifest file 'controller_interface.egg-info/SOURCES.txt'
[9.890s] reading manifest file 'controller_interface.egg-info/SOURCES.txt'
[9.890s] writing manifest file 'controller_interface.egg-info/SOURCES.txt'
[9.891s] [ 41%] [32mBuilding CXX object CMakeFiles/controller_interface__rosidl_typesupport_c.dir/rosidl_typesupport_c/controller_interface/srv/set_target__type_support.cpp.o[0m
[9.892s] [ 43%] [32mBuilding CXX object CMakeFiles/controller_interface__rosidl_typesupport_c.dir/rosidl_typesupport_c/controller_interface/srv/set_param__type_support.cpp.o[0m
[9.892s] [ 46%] [32m[1mLinking CXX shared library libcontroller_interface__rosidl_typesupport_c.so[0m
[9.892s] [ 46%] Built target ament_cmake_python_build_controller_interface_egg
[9.893s] [ 48%] [32m[1mLinking CXX shared library libcontroller_interface__rosidl_typesupport_introspection_cpp.so[0m
[9.893s] [ 48%] Built target controller_interface__rosidl_typesupport_c
[9.893s] [ 48%] Built target controller_interface__rosidl_typesupport_introspection_cpp
[9.893s] gmake[2]: *** Deleting file 'rosidl_typesupport_cpp/controller_interface/srv/set_target__type_support.cpp'
[9.893s] gmake[2]: *** wait: No child processes.  Stop.
[9.893s] gmake[2]: *** Deleting file 'rosidl_typesupport_fastrtps_c/controller_interface/srv/detail/set_target__rosidl_typesupport_fastrtps_c.h'
[9.893s] gmake[2]: *** Waiting for unfinished jobs....
[9.894s] gmake[2]: *** wait: No child processes.  Stop.
[9.894s] gmake[1]: *** [CMakeFiles/Makefile2:291: CMakeFiles/controller_interface__rosidl_typesupport_fastrtps_cpp.dir/all] Error 2
[9.894s] gmake[1]: *** [CMakeFiles/Makefile2:394: CMakeFiles/controller_interface__rosidl_typesupport_cpp.dir/all] Interrupt
[9.894s] Traceback (most recent call last):
[9.894s]   File "/usr/lib/python3/dist-packages/lark/visitors.py", line 107, in _call_userfunc
[9.894s]     f = getattr(self, tree.data)
[9.894s] AttributeError: 'ValidateSymbols' object has no attribute 'expansion'
[9.894s] 
[9.894s] During handling of the above exception, another exception occurred:
[9.894s] 
[9.895s] Traceback (most recent call last):
[9.895s]   File "/opt/ros/humble/lib/rosidl_typesupport_introspection_c/rosidl_typesupport_introspection_c", line 31, in <module>
[9.895s]     sys.exit(main())
[9.895s]   File "/opt/ros/humble/lib/rosidl_typesupport_introspection_c/rosidl_typesupport_introspection_c", line 27, in main
[9.896s]     generate_c(args.generator_arguments_file)
[9.896s]   File "/opt/ros/humble/local/lib/python3.10/dist-packages/rosidl_typesupport_introspection_c/__init__.py", line 31, in generate_c
[9.896s]     return generate_files(generator_arguments_file, mapping)
[9.896s]   File "/opt/ros/humble/local/lib/python3.10/dist-packages/rosidl_cmake/__init__.py", line 74, in generate_files
[9.896s]     idl_file = parse_idl_file(locator)
[9.896s]   File "/opt/ros/humble/local/lib/python3.10/dist-packages/rosidl_parser/parser.py", line 64, in parse_idl_file
[9.896s]     content = parse_idl_string(string, png_file=png_file)
[9.896s]   File "/opt/ros/humble/local/lib/python3.10/dist-packages/rosidl_parser/parser.py", line 72, in parse_idl_string
[9.897s]     tree = get_ast_from_idl_string(idl_string)
[9.897s]   File "/opt/ros/humble/local/lib/python3.10/dist-packages/rosidl_parser/parser.py", line 88, in get_ast_from_idl_string
[9.898s]     _parser = Lark(grammar, start='specification', maybe_placeholders=False)
[9.898s]   File "/usr/lib/python3/dist-packages/lark/lark.py", line 383, in __init__
[9.898s]     self.terminals, self.rules, self.ignore_tokens = self.grammar.compile(self.options.start, terminals_to_keep)
[9.899s]   File "/usr/lib/python3/dist-packages/lark/load_grammar.py", line 734, in compile
[9.899s]     tree = transformer.transform(rule_tree)
[9.899s]   File "/usr/lib/python3/dist-packages/lark/visitors.py", line 252, in transform
[9.899s]     tree = t.transform(tree)
[9.900s]   File "/usr/lib/python3/dist-packages/lark/visitors.py", line 272, in transform
[9.900s]     subtree.children = list(self._transform_children(subtree.children))
[9.901s]   File "/usr/lib/python3/dist-packages/lark/visitors.py", line 138, in _transform_children
[9.902s]     res = self._transform_tree(c)
[9.902s]   File "/usr/lib/python3/dist-packages/lark/visitors.py", line 268, in _transform_tree
[9.902s]     return self._call_userfunc(tree)
[9.903s]   File "/usr/lib/python3/dist-packages/lark/visitors.py", line 109, in _call_userfunc
[9.904s]     return self.__default__(tree.data, children, tree.meta)
[9.904s]   File "/usr/lib/python3/dist-packages/lark/visitors.py", line 168, in __default__
[9.905s]     return Tree(data, children, meta)
[9.905s]   File "/usr/lib/python3/dist-packages/lark/tree.py", line 52, in __init__
[9.905s]     def __init__(self, data: str, children: 'List[Branch[_Leaf_T]]', meta: Optional[Meta]=None) -> None:
[9.906s] KeyboardInterrupt
[9.907s] Traceback (most recent call last):
[9.907s]   File "/opt/ros/humble/lib/rosidl_typesupport_fastrtps_c/rosidl_typesupport_fastrtps_c", line 33, in <module>
[9.908s]     sys.exit(main())
[9.908s]   File "/opt/ros/humble/lib/rosidl_typesupport_fastrtps_c/rosidl_typesupport_fastrtps_c", line 29, in main
[9.908s]     generate_typesupport_fastrtps_c(args.generator_arguments_file)
[9.908s]   File "/opt/ros/humble/local/lib/python3.10/dist-packages/rosidl_typesupport_fastrtps_c/__init__.py", line 24, in generate_typesupport_fastrtps_c
[9.909s]     return generate_files(generator_arguments_file, mapping)
[9.910s]   File "/opt/ros/humble/local/lib/python3.10/dist-packages/rosidl_cmake/__init__.py", line 87, in generate_files
[9.910s]     expand_template(
[9.910s]   File "/opt/ros/humble/local/lib/python3.10/dist-packages/rosidl_cmake/__init__.py", line 149, in expand_template
[9.910s]     interpreter.string(template_content, template_path, locals=data)
[9.910s]   File "/usr/lib/python3/dist-packages/em.py", line 2391, in string
[9.911s]     self.safe(scanner, True, locals)
[9.911s]   File "/usr/lib/python3/dist-packages/em.py", line 2401, in safe
[9.911s]     self.parse(scanner, locals)
[9.911s]   File "/usr/lib/python3/dist-packages/em.py", line 2421, in parse
[9.911s]     token.run(self, locals)
[9.911s]   File "/usr/lib/python3/dist-packages/em.py", line 1543, in run
[9.911s]     sequence = interpreter.evaluate(sequenceCode, locals)
[9.911s]   File "/usr/lib/python3/dist-packages/em.py", line 2573, in evaluate
[9.911s]     result = eval(expression, self.globals, locals)
[9.912s]   File "<string>", line 1, in <module>
[9.912s] KeyboardInterrupt
[9.912s] Exception ignored in: <function Interpreter.__del__ at 0x79ffc40ba8c0>
[9.912s] Traceback (most recent call last):
[9.913s]   File "/usr/lib/python3/dist-packages/em.py", line 2094, in __del__
[9.913s]   File "/usr/lib/python3/dist-packages/em.py", line 2157, in shutdown
[9.913s]   File "/usr/lib/python3/dist-packages/em.py", line 2647, in finalize
[9.914s]   File "/usr/lib/python3/dist-packages/em.py", line 2200, in push
[9.914s] AttributeError: '_io.TextIOWrapper' object has no attribute 'push'
[9.914s] gmake[2]: *** [CMakeFiles/controller_interface__rosidl_typesupport_introspection_c.dir/build.make:143: rosidl_typesupport_introspection_c/controller_interface/srv/detail/set_target__rosidl_typesupport_introspection_c.h] Interrupt
[9.914s] gmake[1]: *** [CMakeFiles/Makefile2:316: CMakeFiles/controller_interface__rosidl_typesupport_introspection_c.dir/all] Interrupt
[9.914s] gmake[2]: *** [CMakeFiles/controller_interface__rosidl_typesupport_fastrtps_c.dir/build.make:143: rosidl_typesupport_fastrtps_c/controller_interface/srv/detail/set_target__rosidl_typesupport_fastrtps_c.h] Interrupt
[9.915s] gmake[1]: *** [CMakeFiles/Makefile2:238: CMakeFiles/controller_interface__rosidl_typesupport_fastrtps_c.dir/all] Interrupt
[9.915s] gmake: *** [Makefile:146: all] Interrupt
[9.923s] Invoked command in '/home/aitthikit/Memekhos_ws/src/build/controller_interface' returned '-2': CMAKE_PREFIX_PATH=${CMAKE_PREFIX_PATH}:/home/aitthikit/Memekhos_ws/install/launch_testing_examples:/home/aitthikit/Memekhos_ws/install/examples_rclpy_pointcloud_publisher:/home/aitthikit/Memekhos_ws/install/examples_rclpy_minimal_subscriber:/home/aitthikit/Memekhos_ws/install/examples_rclpy_minimal_service:/home/aitthikit/Memekhos_ws/install/examples_rclpy_minimal_publisher:/home/aitthikit/Memekhos_ws/install/examples_rclpy_minimal_client:/home/aitthikit/Memekhos_ws/install/examples_rclpy_minimal_action_server:/home/aitthikit/Memekhos_ws/install/examples_rclpy_minimal_action_client:/home/aitthikit/Memekhos_ws/install/examples_rclpy_guard_conditions:/home/aitthikit/Memekhos_ws/install/examples_rclpy_executors:/opt/ros/humble /usr/bin/cmake --build /home/aitthikit/Memekhos_ws/src/build/controller_interface -- -j12 -l12
