[0.052s] Invoking command in '/home/aitthikit/Memekhos_ws/src/build/examples_rclcpp_multithreaded_executor': CMAKE_PREFIX_PATH=${CMAKE_PREFIX_PATH}:/home/aitthikit/Memekhos_ws/install/launch_testing_examples:/home/aitthikit/Memekhos_ws/install/examples_rclpy_pointcloud_publisher:/home/aitthikit/Memekhos_ws/install/examples_rclpy_minimal_subscriber:/home/aitthikit/Memekhos_ws/install/examples_rclpy_minimal_service:/home/aitthikit/Memekhos_ws/install/examples_rclpy_minimal_publisher:/home/aitthikit/Memekhos_ws/install/examples_rclpy_minimal_client:/home/aitthikit/Memekhos_ws/install/examples_rclpy_minimal_action_server:/home/aitthikit/Memekhos_ws/install/examples_rclpy_minimal_action_client:/home/aitthikit/Memekhos_ws/install/examples_rclpy_guard_conditions:/home/aitthikit/Memekhos_ws/install/examples_rclpy_executors:/opt/ros/humble /usr/bin/cmake /home/aitthikit/Memekhos_ws/src/examples/rclcpp/executors/multithreaded_executor -DCMAKE_INSTALL_PREFIX=/home/aitthikit/Memekhos_ws/src/install/examples_rclcpp_multithreaded_executor
[3.107s] -- The C compiler identification is GNU 11.4.0
[3.108s] -- The CXX compiler identification is GNU 11.4.0
[3.108s] -- Detecting C compiler ABI info
[3.108s] -- Detecting C compiler ABI info - done
[3.108s] -- Check for working C compiler: /usr/bin/cc - skipped
[3.108s] -- Detecting C compile features
[3.108s] -- Detecting C compile features - done
[3.108s] -- Detecting CXX compiler ABI info
[3.108s] -- Detecting CXX compiler ABI info - done
[3.108s] -- Check for working CXX compiler: /usr/bin/c++ - skipped
[3.108s] -- Detecting CXX compile features
[3.108s] -- Detecting CXX compile features - done
[3.109s] -- Found ament_cmake: 1.3.9 (/opt/ros/humble/share/ament_cmake/cmake)
[3.109s] -- Found Python3: /usr/bin/python3 (found version "3.10.12") found components: Interpreter 
[3.109s] -- Found rclcpp: 16.0.9 (/opt/ros/humble/share/rclcpp/cmake)
[3.109s] -- Found rosidl_generator_c: 3.1.5 (/opt/ros/humble/share/rosidl_generator_c/cmake)
[3.109s] -- Found rosidl_adapter: 3.1.5 (/opt/ros/humble/share/rosidl_adapter/cmake)
[3.109s] -- Found rosidl_generator_cpp: 3.1.5 (/opt/ros/humble/share/rosidl_generator_cpp/cmake)
[3.109s] -- Using all available rosidl_typesupport_c: rosidl_typesupport_fastrtps_c;rosidl_typesupport_introspection_c
[3.109s] -- Using all available rosidl_typesupport_cpp: rosidl_typesupport_fastrtps_cpp;rosidl_typesupport_introspection_cpp
[3.110s] -- Found rmw_implementation_cmake: 6.1.2 (/opt/ros/humble/share/rmw_implementation_cmake/cmake)
[3.110s] -- Found rmw_fastrtps_cpp: 6.2.6 (/opt/ros/humble/share/rmw_fastrtps_cpp/cmake)
[3.110s] -- Found OpenSSL: /usr/lib/x86_64-linux-gnu/libcrypto.so (found version "3.0.2")  
[3.110s] -- Found FastRTPS: /opt/ros/humble/include  
[3.110s] -- Using RMW implementation 'rmw_fastrtps_cpp' as default
[3.110s] -- Looking for pthread.h
[3.110s] -- Looking for pthread.h - found
[3.111s] -- Performing Test CMAKE_HAVE_LIBC_PTHREAD
[3.111s] -- Performing Test CMAKE_HAVE_LIBC_PTHREAD - Success
[3.111s] -- Found Threads: TRUE  
[3.111s] -- Found ament_lint_auto: 0.12.11 (/opt/ros/humble/share/ament_lint_auto/cmake)
[3.111s] -- Added test 'copyright' to check source files copyright and LICENSE
[3.111s] -- Added test 'cppcheck' to perform static code analysis on C / C++ code
[3.111s] -- Configured cppcheck include dirs: 
[3.111s] -- Configured cppcheck exclude dirs and/or files: 
[3.111s] -- Added test 'cpplint' to check C / C++ code against the Google style
[3.112s] -- Configured cpplint exclude dirs and/or files: 
[3.112s] -- Added test 'lint_cmake' to check CMake code style
[3.112s] -- Added test 'uncrustify' to check C / C++ code style
[3.112s] -- Configured uncrustify additional arguments: 
[3.112s] -- Added test 'xmllint' to check XML markup files
[3.112s] -- Configuring done
[3.112s] -- Generating done
[3.113s] -- Build files have been written to: /home/aitthikit/Memekhos_ws/src/build/examples_rclcpp_multithreaded_executor
[3.131s] Invoked command in '/home/aitthikit/Memekhos_ws/src/build/examples_rclcpp_multithreaded_executor' returned '0': CMAKE_PREFIX_PATH=${CMAKE_PREFIX_PATH}:/home/aitthikit/Memekhos_ws/install/launch_testing_examples:/home/aitthikit/Memekhos_ws/install/examples_rclpy_pointcloud_publisher:/home/aitthikit/Memekhos_ws/install/examples_rclpy_minimal_subscriber:/home/aitthikit/Memekhos_ws/install/examples_rclpy_minimal_service:/home/aitthikit/Memekhos_ws/install/examples_rclpy_minimal_publisher:/home/aitthikit/Memekhos_ws/install/examples_rclpy_minimal_client:/home/aitthikit/Memekhos_ws/install/examples_rclpy_minimal_action_server:/home/aitthikit/Memekhos_ws/install/examples_rclpy_minimal_action_client:/home/aitthikit/Memekhos_ws/install/examples_rclpy_guard_conditions:/home/aitthikit/Memekhos_ws/install/examples_rclpy_executors:/opt/ros/humble /usr/bin/cmake /home/aitthikit/Memekhos_ws/src/examples/rclcpp/executors/multithreaded_executor -DCMAKE_INSTALL_PREFIX=/home/aitthikit/Memekhos_ws/src/install/examples_rclcpp_multithreaded_executor
[3.131s] Invoking command in '/home/aitthikit/Memekhos_ws/src/build/examples_rclcpp_multithreaded_executor': CMAKE_PREFIX_PATH=${CMAKE_PREFIX_PATH}:/home/aitthikit/Memekhos_ws/install/launch_testing_examples:/home/aitthikit/Memekhos_ws/install/examples_rclpy_pointcloud_publisher:/home/aitthikit/Memekhos_ws/install/examples_rclpy_minimal_subscriber:/home/aitthikit/Memekhos_ws/install/examples_rclpy_minimal_service:/home/aitthikit/Memekhos_ws/install/examples_rclpy_minimal_publisher:/home/aitthikit/Memekhos_ws/install/examples_rclpy_minimal_client:/home/aitthikit/Memekhos_ws/install/examples_rclpy_minimal_action_server:/home/aitthikit/Memekhos_ws/install/examples_rclpy_minimal_action_client:/home/aitthikit/Memekhos_ws/install/examples_rclpy_guard_conditions:/home/aitthikit/Memekhos_ws/install/examples_rclpy_executors:/opt/ros/humble /usr/bin/cmake --build /home/aitthikit/Memekhos_ws/src/build/examples_rclcpp_multithreaded_executor -- -j12 -l12
[3.373s] [ 50%] [32mBuilding CXX object CMakeFiles/multithreaded_executor.dir/multithreaded_executor.cpp.o[0m
[9.739s] gmake[2]: *** [CMakeFiles/multithreaded_executor.dir/build.make:76: CMakeFiles/multithreaded_executor.dir/multithreaded_executor.cpp.o] Interrupt
[9.739s] gmake[1]: *** wait: No child processes.  Stop.
[9.739s] gmake[1]: *** Waiting for unfinished jobs....
[9.739s] gmake[1]: *** wait: No child processes.  Stop.
[9.741s] gmake: *** [Makefile:146: all] Error 2
[9.855s] Invoked command in '/home/aitthikit/Memekhos_ws/src/build/examples_rclcpp_multithreaded_executor' returned '-2': CMAKE_PREFIX_PATH=${CMAKE_PREFIX_PATH}:/home/aitthikit/Memekhos_ws/install/launch_testing_examples:/home/aitthikit/Memekhos_ws/install/examples_rclpy_pointcloud_publisher:/home/aitthikit/Memekhos_ws/install/examples_rclpy_minimal_subscriber:/home/aitthikit/Memekhos_ws/install/examples_rclpy_minimal_service:/home/aitthikit/Memekhos_ws/install/examples_rclpy_minimal_publisher:/home/aitthikit/Memekhos_ws/install/examples_rclpy_minimal_client:/home/aitthikit/Memekhos_ws/install/examples_rclpy_minimal_action_server:/home/aitthikit/Memekhos_ws/install/examples_rclpy_minimal_action_client:/home/aitthikit/Memekhos_ws/install/examples_rclpy_guard_conditions:/home/aitthikit/Memekhos_ws/install/examples_rclpy_executors:/opt/ros/humble /usr/bin/cmake --build /home/aitthikit/Memekhos_ws/src/build/examples_rclcpp_multithreaded_executor -- -j12 -l12
