[0.051s] Invoking command in '/home/aitthikit/Memekhos_ws/src/build/examples_rclcpp_minimal_subscriber': CMAKE_PREFIX_PATH=${CMAKE_PREFIX_PATH}:/home/aitthikit/Memekhos_ws/install/launch_testing_examples:/home/aitthikit/Memekhos_ws/install/examples_rclpy_pointcloud_publisher:/home/aitthikit/Memekhos_ws/install/examples_rclpy_minimal_subscriber:/home/aitthikit/Memekhos_ws/install/examples_rclpy_minimal_service:/home/aitthikit/Memekhos_ws/install/examples_rclpy_minimal_publisher:/home/aitthikit/Memekhos_ws/install/examples_rclpy_minimal_client:/home/aitthikit/Memekhos_ws/install/examples_rclpy_minimal_action_server:/home/aitthikit/Memekhos_ws/install/examples_rclpy_minimal_action_client:/home/aitthikit/Memekhos_ws/install/examples_rclpy_guard_conditions:/home/aitthikit/Memekhos_ws/install/examples_rclpy_executors:/opt/ros/humble /usr/bin/cmake /home/aitthikit/Memekhos_ws/src/examples/rclcpp/topics/minimal_subscriber -DCMAKE_INSTALL_PREFIX=/home/aitthikit/Memekhos_ws/src/install/examples_rclcpp_minimal_subscriber
[3.014s] -- The C compiler identification is GNU 11.4.0
[3.014s] -- The CXX compiler identification is GNU 11.4.0
[3.016s] -- Detecting C compiler ABI info
[3.016s] -- Detecting C compiler ABI info - done
[3.016s] -- Check for working C compiler: /usr/bin/cc - skipped
[3.016s] -- Detecting C compile features
[3.016s] -- Detecting C compile features - done
[3.016s] -- Detecting CXX compiler ABI info
[3.017s] -- Detecting CXX compiler ABI info - done
[3.017s] -- Check for working CXX compiler: /usr/bin/c++ - skipped
[3.017s] -- Detecting CXX compile features
[3.017s] -- Detecting CXX compile features - done
[3.017s] -- Found ament_cmake: 1.3.9 (/opt/ros/humble/share/ament_cmake/cmake)
[3.017s] -- Found Python3: /usr/bin/python3 (found version "3.10.12") found components: Interpreter 
[3.017s] -- Found rclcpp: 16.0.9 (/opt/ros/humble/share/rclcpp/cmake)
[3.017s] -- Found rosidl_generator_c: 3.1.5 (/opt/ros/humble/share/rosidl_generator_c/cmake)
[3.018s] -- Found rosidl_adapter: 3.1.5 (/opt/ros/humble/share/rosidl_adapter/cmake)
[3.018s] -- Found rosidl_generator_cpp: 3.1.5 (/opt/ros/humble/share/rosidl_generator_cpp/cmake)
[3.018s] -- Using all available rosidl_typesupport_c: rosidl_typesupport_fastrtps_c;rosidl_typesupport_introspection_c
[3.018s] -- Using all available rosidl_typesupport_cpp: rosidl_typesupport_fastrtps_cpp;rosidl_typesupport_introspection_cpp
[3.018s] -- Found rmw_implementation_cmake: 6.1.2 (/opt/ros/humble/share/rmw_implementation_cmake/cmake)
[3.018s] -- Found rmw_fastrtps_cpp: 6.2.6 (/opt/ros/humble/share/rmw_fastrtps_cpp/cmake)
[3.018s] -- Found OpenSSL: /usr/lib/x86_64-linux-gnu/libcrypto.so (found version "3.0.2")  
[3.019s] -- Found FastRTPS: /opt/ros/humble/include  
[3.019s] -- Using RMW implementation 'rmw_fastrtps_cpp' as default
[3.019s] -- Looking for pthread.h
[3.019s] -- Looking for pthread.h - found
[3.019s] -- Performing Test CMAKE_HAVE_LIBC_PTHREAD
[3.019s] -- Performing Test CMAKE_HAVE_LIBC_PTHREAD - Success
[3.019s] -- Found Threads: TRUE  
[3.020s] -- Found rclcpp_components: 16.0.9 (/opt/ros/humble/share/rclcpp_components/cmake)
[3.020s] -- Found ament_lint_auto: 0.12.11 (/opt/ros/humble/share/ament_lint_auto/cmake)
[3.139s] -- Added test 'copyright' to check source files copyright and LICENSE
[3.172s] -- Added test 'cppcheck' to perform static code analysis on C / C++ code
[3.172s] -- Configured cppcheck include dirs: 
[3.172s] -- Configured cppcheck exclude dirs and/or files: 
[3.173s] -- Added test 'cpplint' to check C / C++ code against the Google style
[3.173s] -- Configured cpplint exclude dirs and/or files: 
[3.174s] -- Added test 'lint_cmake' to check CMake code style
[3.174s] -- Added test 'uncrustify' to check C / C++ code style
[3.174s] -- Configured uncrustify additional arguments: 
[3.174s] -- Added test 'xmllint' to check XML markup files
[3.179s] -- Configuring done
[3.350s] -- Generating done
[3.354s] -- Build files have been written to: /home/aitthikit/Memekhos_ws/src/build/examples_rclcpp_minimal_subscriber
[3.395s] Invoked command in '/home/aitthikit/Memekhos_ws/src/build/examples_rclcpp_minimal_subscriber' returned '0': CMAKE_PREFIX_PATH=${CMAKE_PREFIX_PATH}:/home/aitthikit/Memekhos_ws/install/launch_testing_examples:/home/aitthikit/Memekhos_ws/install/examples_rclpy_pointcloud_publisher:/home/aitthikit/Memekhos_ws/install/examples_rclpy_minimal_subscriber:/home/aitthikit/Memekhos_ws/install/examples_rclpy_minimal_service:/home/aitthikit/Memekhos_ws/install/examples_rclpy_minimal_publisher:/home/aitthikit/Memekhos_ws/install/examples_rclpy_minimal_client:/home/aitthikit/Memekhos_ws/install/examples_rclpy_minimal_action_server:/home/aitthikit/Memekhos_ws/install/examples_rclpy_minimal_action_client:/home/aitthikit/Memekhos_ws/install/examples_rclpy_guard_conditions:/home/aitthikit/Memekhos_ws/install/examples_rclpy_executors:/opt/ros/humble /usr/bin/cmake /home/aitthikit/Memekhos_ws/src/examples/rclcpp/topics/minimal_subscriber -DCMAKE_INSTALL_PREFIX=/home/aitthikit/Memekhos_ws/src/install/examples_rclcpp_minimal_subscriber
[3.396s] Invoking command in '/home/aitthikit/Memekhos_ws/src/build/examples_rclcpp_minimal_subscriber': CMAKE_PREFIX_PATH=${CMAKE_PREFIX_PATH}:/home/aitthikit/Memekhos_ws/install/launch_testing_examples:/home/aitthikit/Memekhos_ws/install/examples_rclpy_pointcloud_publisher:/home/aitthikit/Memekhos_ws/install/examples_rclpy_minimal_subscriber:/home/aitthikit/Memekhos_ws/install/examples_rclpy_minimal_service:/home/aitthikit/Memekhos_ws/install/examples_rclpy_minimal_publisher:/home/aitthikit/Memekhos_ws/install/examples_rclpy_minimal_client:/home/aitthikit/Memekhos_ws/install/examples_rclpy_minimal_action_server:/home/aitthikit/Memekhos_ws/install/examples_rclpy_minimal_action_client:/home/aitthikit/Memekhos_ws/install/examples_rclpy_guard_conditions:/home/aitthikit/Memekhos_ws/install/examples_rclpy_executors:/opt/ros/humble /usr/bin/cmake --build /home/aitthikit/Memekhos_ws/src/build/examples_rclcpp_minimal_subscriber -- -j12 -l12
[9.807s] [  4%] [32mBuilding CXX object CMakeFiles/subscriber_lambda.dir/lambda.cpp.o[0m
[9.807s] [  8%] [32mBuilding CXX object CMakeFiles/subscriber_member_function.dir/member_function.cpp.o[0m
[9.807s] [ 12%] [32mBuilding CXX object CMakeFiles/subscriber_member_function_with_topic_statistics.dir/member_function_with_topic_statistics.cpp.o[0m
[9.807s] [ 16%] [32mBuilding CXX object CMakeFiles/subscriber_member_function_with_type_adapter.dir/member_function_with_type_adapter.cpp.o[0m
[9.807s] [ 20%] [32mBuilding CXX object CMakeFiles/subscriber_not_composable.dir/not_composable.cpp.o[0m
[9.807s] [ 25%] [32mBuilding CXX object CMakeFiles/subscriber_member_function_with_unique_network_flow_endpoints.dir/member_function_with_unique_network_flow_endpoints.cpp.o[0m
[9.807s] [ 29%] [32mBuilding CXX object CMakeFiles/subscriber_content_filtering.dir/content_filtering.cpp.o[0m
[9.807s] [ 33%] [32mBuilding CXX object CMakeFiles/wait_set_subscriber_library.dir/wait_set_subscriber.cpp.o[0m
[9.807s] [ 41%] [32mBuilding CXX object CMakeFiles/wait_set_subscriber_library.dir/static_wait_set_subscriber.cpp.o[0m
[9.807s] [ 41%] [32mBuilding CXX object CMakeFiles/wait_set_subscriber.dir/rclcpp_components/node_main_wait_set_subscriber.cpp.o[0m
[9.808s] [ 45%] [32mBuilding CXX object CMakeFiles/time_triggered_wait_set_subscriber.dir/rclcpp_components/node_main_time_triggered_wait_set_subscriber.cpp.o[0m
[9.808s] [ 50%] [32mBuilding CXX object CMakeFiles/static_wait_set_subscriber.dir/rclcpp_components/node_main_static_wait_set_subscriber.cpp.o[0m
[9.821s] gmake[2]: *** wait: No child processes.  Stop.
[9.821s] gmake[2]: *** Waiting for unfinished jobs....
[9.821s] gmake[2]: *** [CMakeFiles/time_triggered_wait_set_subscriber.dir/build.make:76: CMakeFiles/time_triggered_wait_set_subscriber.dir/rclcpp_components/node_main_time_triggered_wait_set_subscriber.cpp.o] Interrupt
[9.821s] gmake[2]: *** wait: No child processes.  Stop.
[9.821s] gmake[2]: *** wait: No child processes.  Stop.
[9.821s] gmake[2]: *** wait: No child processes.  Stop.
[9.821s] gmake[2]: *** Waiting for unfinished jobs....
[9.822s] gmake[2]: *** wait: No child processes.  Stop.
[9.822s] gmake[2]: *** Waiting for unfinished jobs....
[9.822s] gmake[2]: *** wait: No child processes.  Stop.
[9.822s] gmake[2]: *** wait: No child processes.  Stop.
[9.822s] gmake[2]: *** Waiting for unfinished jobs....
[9.822s] gmake[2]: *** wait: No child processes.  Stop.
[9.822s] gmake[2]: *** wait: No child processes.  Stop.
[9.822s] gmake[2]: *** [CMakeFiles/wait_set_subscriber_library.dir/build.make:90: CMakeFiles/wait_set_subscriber_library.dir/static_wait_set_subscriber.cpp.o] Interrupt
[9.822s] gmake[2]: *** Waiting for unfinished jobs....
[9.822s] gmake[2]: *** wait: No child processes.  Stop.
[9.823s] gmake[2]: *** [CMakeFiles/wait_set_subscriber_library.dir/build.make:76: CMakeFiles/wait_set_subscriber_library.dir/wait_set_subscriber.cpp.o] Interrupt
[9.823s] gmake[2]: *** wait: No child processes.  Stop.
[9.823s] gmake[2]: *** wait: No child processes.  Stop.
[9.823s] gmake[2]: *** [CMakeFiles/subscriber_content_filtering.dir/build.make:76: CMakeFiles/subscriber_content_filtering.dir/content_filtering.cpp.o] Interrupt
[9.823s] gmake[1]: *** [CMakeFiles/Makefile2:391: CMakeFiles/static_wait_set_subscriber.dir/all] Error 2
[9.823s] gmake[2]: *** Waiting for unfinished jobs....
[9.823s] gmake[2]: *** wait: No child processes.  Stop.
[9.823s] gmake[1]: *** [CMakeFiles/Makefile2:183: CMakeFiles/subscriber_member_function.dir/all] Error 2
[9.823s] gmake[1]: *** [CMakeFiles/Makefile2:209: CMakeFiles/subscriber_member_function_with_topic_statistics.dir/all] Error 2
[9.824s] gmake[1]: *** [CMakeFiles/Makefile2:235: CMakeFiles/subscriber_member_function_with_type_adapter.dir/all] Error 2
[9.824s] gmake[1]: *** [CMakeFiles/Makefile2:261: CMakeFiles/subscriber_member_function_with_unique_network_flow_endpoints.dir/all] Error 2
[9.824s] gmake[1]: *** [CMakeFiles/Makefile2:339: CMakeFiles/wait_set_subscriber_library.dir/all] Interrupt
[9.824s] gmake[1]: *** [CMakeFiles/Makefile2:365: CMakeFiles/wait_set_subscriber.dir/all] Error 2
[9.824s] gmake[1]: *** [CMakeFiles/Makefile2:417: CMakeFiles/time_triggered_wait_set_subscriber.dir/all] Interrupt
[9.824s] gmake[2]: *** Waiting for unfinished jobs....
[9.824s] gmake[2]: *** wait: No child processes.  Stop.
[9.824s] gmake[2]: *** [CMakeFiles/subscriber_lambda.dir/build.make:76: CMakeFiles/subscriber_lambda.dir/lambda.cpp.o] Interrupt
[9.826s] gmake[1]: *** [CMakeFiles/Makefile2:157: CMakeFiles/subscriber_lambda.dir/all] Interrupt
[9.827s] gmake[1]: *** [CMakeFiles/Makefile2:287: CMakeFiles/subscriber_not_composable.dir/all] Error 2
[9.827s] gmake[1]: *** [CMakeFiles/Makefile2:313: CMakeFiles/subscriber_content_filtering.dir/all] Interrupt
[9.827s] gmake: *** [Makefile:146: all] Interrupt
[9.867s] Invoked command in '/home/aitthikit/Memekhos_ws/src/build/examples_rclcpp_minimal_subscriber' returned '-2': CMAKE_PREFIX_PATH=${CMAKE_PREFIX_PATH}:/home/aitthikit/Memekhos_ws/install/launch_testing_examples:/home/aitthikit/Memekhos_ws/install/examples_rclpy_pointcloud_publisher:/home/aitthikit/Memekhos_ws/install/examples_rclpy_minimal_subscriber:/home/aitthikit/Memekhos_ws/install/examples_rclpy_minimal_service:/home/aitthikit/Memekhos_ws/install/examples_rclpy_minimal_publisher:/home/aitthikit/Memekhos_ws/install/examples_rclpy_minimal_client:/home/aitthikit/Memekhos_ws/install/examples_rclpy_minimal_action_server:/home/aitthikit/Memekhos_ws/install/examples_rclpy_minimal_action_client:/home/aitthikit/Memekhos_ws/install/examples_rclpy_guard_conditions:/home/aitthikit/Memekhos_ws/install/examples_rclpy_executors:/opt/ros/humble /usr/bin/cmake --build /home/aitthikit/Memekhos_ws/src/build/examples_rclcpp_minimal_subscriber -- -j12 -l12
