[0.052s] Invoking command in '/home/aitthikit/Memekhos_ws/src/build/examples_rclcpp_minimal_service': CMAKE_PREFIX_PATH=${CMAKE_PREFIX_PATH}:/home/aitthikit/Memekhos_ws/install/launch_testing_examples:/home/aitthikit/Memekhos_ws/install/examples_rclpy_pointcloud_publisher:/home/aitthikit/Memekhos_ws/install/examples_rclpy_minimal_subscriber:/home/aitthikit/Memekhos_ws/install/examples_rclpy_minimal_service:/home/aitthikit/Memekhos_ws/install/examples_rclpy_minimal_publisher:/home/aitthikit/Memekhos_ws/install/examples_rclpy_minimal_client:/home/aitthikit/Memekhos_ws/install/examples_rclpy_minimal_action_server:/home/aitthikit/Memekhos_ws/install/examples_rclpy_minimal_action_client:/home/aitthikit/Memekhos_ws/install/examples_rclpy_guard_conditions:/home/aitthikit/Memekhos_ws/install/examples_rclpy_executors:/opt/ros/humble /usr/bin/cmake /home/aitthikit/Memekhos_ws/src/examples/rclcpp/services/minimal_service -DCMAKE_INSTALL_PREFIX=/home/aitthikit/Memekhos_ws/src/install/examples_rclcpp_minimal_service
[2.975s] -- The C compiler identification is GNU 11.4.0
[2.975s] -- The CXX compiler identification is GNU 11.4.0
[2.976s] -- Detecting C compiler ABI info
[2.976s] -- Detecting C compiler ABI info - done
[2.976s] -- Check for working C compiler: /usr/bin/cc - skipped
[2.976s] -- Detecting C compile features
[2.976s] -- Detecting C compile features - done
[2.976s] -- Detecting CXX compiler ABI info
[2.976s] -- Detecting CXX compiler ABI info - done
[2.976s] -- Check for working CXX compiler: /usr/bin/c++ - skipped
[2.976s] -- Detecting CXX compile features
[2.976s] -- Detecting CXX compile features - done
[2.977s] -- Found ament_cmake: 1.3.9 (/opt/ros/humble/share/ament_cmake/cmake)
[2.977s] -- Found Python3: /usr/bin/python3 (found version "3.10.12") found components: Interpreter 
[2.977s] -- Found example_interfaces: 0.9.3 (/opt/ros/humble/share/example_interfaces/cmake)
[2.977s] -- Found rosidl_generator_c: 3.1.5 (/opt/ros/humble/share/rosidl_generator_c/cmake)
[2.977s] -- Found rosidl_adapter: 3.1.5 (/opt/ros/humble/share/rosidl_adapter/cmake)
[2.977s] -- Found rosidl_generator_cpp: 3.1.5 (/opt/ros/humble/share/rosidl_generator_cpp/cmake)
[2.977s] -- Using all available rosidl_typesupport_c: rosidl_typesupport_fastrtps_c;rosidl_typesupport_introspection_c
[2.977s] -- Using all available rosidl_typesupport_cpp: rosidl_typesupport_fastrtps_cpp;rosidl_typesupport_introspection_cpp
[2.977s] -- Found rclcpp: 16.0.9 (/opt/ros/humble/share/rclcpp/cmake)
[2.977s] -- Found rmw_implementation_cmake: 6.1.2 (/opt/ros/humble/share/rmw_implementation_cmake/cmake)
[2.977s] -- Found rmw_fastrtps_cpp: 6.2.6 (/opt/ros/humble/share/rmw_fastrtps_cpp/cmake)
[2.978s] -- Found OpenSSL: /usr/lib/x86_64-linux-gnu/libcrypto.so (found version "3.0.2")  
[2.978s] -- Found FastRTPS: /opt/ros/humble/include  
[2.978s] -- Using RMW implementation 'rmw_fastrtps_cpp' as default
[2.978s] -- Looking for pthread.h
[2.978s] -- Looking for pthread.h - found
[2.978s] -- Performing Test CMAKE_HAVE_LIBC_PTHREAD
[2.978s] -- Performing Test CMAKE_HAVE_LIBC_PTHREAD - Success
[2.978s] -- Found Threads: TRUE  
[2.978s] -- Found ament_lint_auto: 0.12.11 (/opt/ros/humble/share/ament_lint_auto/cmake)
[3.060s] -- Added test 'copyright' to check source files copyright and LICENSE
[3.063s] -- Added test 'cppcheck' to perform static code analysis on C / C++ code
[3.063s] -- Configured cppcheck include dirs: 
[3.063s] -- Configured cppcheck exclude dirs and/or files: 
[3.065s] -- Added test 'cpplint' to check C / C++ code against the Google style
[3.065s] -- Configured cpplint exclude dirs and/or files: 
[3.067s] -- Added test 'lint_cmake' to check CMake code style
[3.070s] -- Added test 'uncrustify' to check C / C++ code style
[3.070s] -- Configured uncrustify additional arguments: 
[3.071s] -- Added test 'xmllint' to check XML markup files
[3.075s] -- Configuring done
[3.093s] -- Generating done
[3.095s] -- Build files have been written to: /home/aitthikit/Memekhos_ws/src/build/examples_rclcpp_minimal_service
[3.117s] Invoked command in '/home/aitthikit/Memekhos_ws/src/build/examples_rclcpp_minimal_service' returned '0': CMAKE_PREFIX_PATH=${CMAKE_PREFIX_PATH}:/home/aitthikit/Memekhos_ws/install/launch_testing_examples:/home/aitthikit/Memekhos_ws/install/examples_rclpy_pointcloud_publisher:/home/aitthikit/Memekhos_ws/install/examples_rclpy_minimal_subscriber:/home/aitthikit/Memekhos_ws/install/examples_rclpy_minimal_service:/home/aitthikit/Memekhos_ws/install/examples_rclpy_minimal_publisher:/home/aitthikit/Memekhos_ws/install/examples_rclpy_minimal_client:/home/aitthikit/Memekhos_ws/install/examples_rclpy_minimal_action_server:/home/aitthikit/Memekhos_ws/install/examples_rclpy_minimal_action_client:/home/aitthikit/Memekhos_ws/install/examples_rclpy_guard_conditions:/home/aitthikit/Memekhos_ws/install/examples_rclpy_executors:/opt/ros/humble /usr/bin/cmake /home/aitthikit/Memekhos_ws/src/examples/rclcpp/services/minimal_service -DCMAKE_INSTALL_PREFIX=/home/aitthikit/Memekhos_ws/src/install/examples_rclcpp_minimal_service
[3.130s] Invoking command in '/home/aitthikit/Memekhos_ws/src/build/examples_rclcpp_minimal_service': CMAKE_PREFIX_PATH=${CMAKE_PREFIX_PATH}:/home/aitthikit/Memekhos_ws/install/launch_testing_examples:/home/aitthikit/Memekhos_ws/install/examples_rclpy_pointcloud_publisher:/home/aitthikit/Memekhos_ws/install/examples_rclpy_minimal_subscriber:/home/aitthikit/Memekhos_ws/install/examples_rclpy_minimal_service:/home/aitthikit/Memekhos_ws/install/examples_rclpy_minimal_publisher:/home/aitthikit/Memekhos_ws/install/examples_rclpy_minimal_client:/home/aitthikit/Memekhos_ws/install/examples_rclpy_minimal_action_server:/home/aitthikit/Memekhos_ws/install/examples_rclpy_minimal_action_client:/home/aitthikit/Memekhos_ws/install/examples_rclpy_guard_conditions:/home/aitthikit/Memekhos_ws/install/examples_rclpy_executors:/opt/ros/humble /usr/bin/cmake --build /home/aitthikit/Memekhos_ws/src/build/examples_rclcpp_minimal_service -- -j12 -l12
[3.431s] [ 50%] [32mBuilding CXX object CMakeFiles/service_main.dir/main.cpp.o[0m
[9.752s] gmake[2]: *** wait: No child processes.  Stop.
[9.752s] gmake[2]: *** Waiting for unfinished jobs....
[9.752s] gmake[2]: *** wait: No child processes.  Stop.
[9.752s] gmake[1]: *** [CMakeFiles/Makefile2:137: CMakeFiles/service_main.dir/all] Error 2
[9.756s] gmake: *** [Makefile:146: all] Interrupt
[9.835s] Invoked command in '/home/aitthikit/Memekhos_ws/src/build/examples_rclcpp_minimal_service' returned '-2': CMAKE_PREFIX_PATH=${CMAKE_PREFIX_PATH}:/home/aitthikit/Memekhos_ws/install/launch_testing_examples:/home/aitthikit/Memekhos_ws/install/examples_rclpy_pointcloud_publisher:/home/aitthikit/Memekhos_ws/install/examples_rclpy_minimal_subscriber:/home/aitthikit/Memekhos_ws/install/examples_rclpy_minimal_service:/home/aitthikit/Memekhos_ws/install/examples_rclpy_minimal_publisher:/home/aitthikit/Memekhos_ws/install/examples_rclpy_minimal_client:/home/aitthikit/Memekhos_ws/install/examples_rclpy_minimal_action_server:/home/aitthikit/Memekhos_ws/install/examples_rclpy_minimal_action_client:/home/aitthikit/Memekhos_ws/install/examples_rclpy_guard_conditions:/home/aitthikit/Memekhos_ws/install/examples_rclpy_executors:/opt/ros/humble /usr/bin/cmake --build /home/aitthikit/Memekhos_ws/src/build/examples_rclcpp_minimal_service -- -j12 -l12
